<?xml version="1.0" encoding="UTF-8"?>
<testsuite name="com.springboot.web.dto.HelloResponseDtoTest" tests="1" skipped="0" failures="0" errors="0" timestamp="2021-05-01T16:22:37" hostname="MacBook-Pro.local" time="0.054">
  <properties/>
  <testcase name="롬복_기능_테스트" classname="com.springboot.web.dto.HelloResponseDtoTest" time="0.054"/>
  <system-out><![CDATA[]]></system-out>
  <system-err><![CDATA[]]></system-err>
</testsuite>
