<?xml version="1.0" encoding="UTF-8"?>
<testsuite name="com.springboot.domain.posts.PostsRepositoryTest" tests="2" skipped="0" failures="0" errors="0" timestamp="2021-05-01T16:22:45" hostname="MacBook-Pro.local" time="0.021">
  <properties/>
  <testcase name="게시글저장_불러오기" classname="com.springboot.domain.posts.PostsRepositoryTest" time="0.015"/>
  <testcase name="BaseTimeEntity_등록" classname="com.springboot.domain.posts.PostsRepositoryTest" time="0.006"/>
  <system-out><![CDATA[2021-05-02 01:22:44.759  INFO 7987 --- [    Test worker] .b.t.c.SpringBootTestContextBootstrapper : Neither @ContextConfiguration nor @ContextHierarchy found for test class [com.springboot.domain.posts.PostsRepositoryTest], using SpringBootContextLoader
2021-05-02 01:22:44.760  INFO 7987 --- [    Test worker] o.s.t.c.support.AbstractContextLoader    : Could not detect default resource locations for test class [com.springboot.domain.posts.PostsRepositoryTest]: no resource found for suffixes {-context.xml, Context.groovy}.
2021-05-02 01:22:44.760  INFO 7987 --- [    Test worker] t.c.s.AnnotationConfigContextLoaderUtils : Could not detect default configuration classes for test class [com.springboot.domain.posts.PostsRepositoryTest]: PostsRepositoryTest does not declare any static, non-private, non-final, nested classes annotated with @Configuration.
2021-05-02 01:22:44.765  INFO 7987 --- [    Test worker] .b.t.c.SpringBootTestContextBootstrapper : Found @SpringBootConfiguration com.springboot.Application for test class com.springboot.domain.posts.PostsRepositoryTest
2021-05-02 01:22:44.766  INFO 7987 --- [    Test worker] .b.t.c.SpringBootTestContextBootstrapper : Loaded default TestExecutionListener class names from location [META-INF/spring.factories]: [org.springframework.security.test.context.support.WithSecurityContextTestExecutionListener, org.springframework.security.test.context.support.ReactorContextTestExecutionListener, org.springframework.boot.test.autoconfigure.restdocs.RestDocsTestExecutionListener, org.springframework.boot.test.autoconfigure.web.client.MockRestServiceServerResetTestExecutionListener, org.springframework.boot.test.autoconfigure.web.servlet.MockMvcPrintOnlyOnFailureTestExecutionListener, org.springframework.boot.test.autoconfigure.web.servlet.WebDriverTestExecutionListener, org.springframework.boot.test.mock.mockito.MockitoTestExecutionListener, org.springframework.boot.test.mock.mockito.ResetMocksTestExecutionListener, org.springframework.test.context.web.ServletTestExecutionListener, org.springframework.test.context.support.DirtiesContextBeforeModesTestExecutionListener, org.springframework.test.context.support.DependencyInjectionTestExecutionListener, org.springframework.test.context.support.DirtiesContextTestExecutionListener, org.springframework.test.context.transaction.TransactionalTestExecutionListener, org.springframework.test.context.jdbc.SqlScriptsTestExecutionListener]
2021-05-02 01:22:44.766  INFO 7987 --- [    Test worker] .b.t.c.SpringBootTestContextBootstrapper : Using TestExecutionListeners: [org.springframework.test.context.web.ServletTestExecutionListener@2660d095, org.springframework.test.context.support.DirtiesContextBeforeModesTestExecutionListener@40b8f46d, org.springframework.boot.test.mock.mockito.MockitoTestExecutionListener@5e040654, org.springframework.boot.test.autoconfigure.SpringBootDependencyInjectionTestExecutionListener@6e3f2931, org.springframework.test.context.support.DirtiesContextTestExecutionListener@4e7bb81b, org.springframework.test.context.transaction.TransactionalTestExecutionListener@49e72625, org.springframework.test.context.jdbc.SqlScriptsTestExecutionListener@372fbfeb, org.springframework.security.test.context.support.WithSecurityContextTestExecutionListener@20ce7e9e, org.springframework.security.test.context.support.ReactorContextTestExecutionListener@3366a1fc, org.springframework.boot.test.autoconfigure.restdocs.RestDocsTestExecutionListener@43c07fbb, org.springframework.boot.test.autoconfigure.web.client.MockRestServiceServerResetTestExecutionListener@9da40cf, org.springframework.boot.test.autoconfigure.web.servlet.MockMvcPrintOnlyOnFailureTestExecutionListener@5ab3e5e4, org.springframework.boot.test.autoconfigure.web.servlet.WebDriverTestExecutionListener@5cdcd60f, org.springframework.boot.test.mock.mockito.ResetMocksTestExecutionListener@1ca15788]

  .   ____          _            __ _ _
 /\\ / ___'_ __ _ _(_)_ __  __ _ \ \ \ \
( ( )\___ | '_ | '_| | '_ \/ _` | \ \ \ \
 \\/  ___)| |_)| | | | | || (_| |  ) ) ) )
  '  |____| .__|_| |_|_| |_\__, | / / / /
 =========|_|==============|___/=/_/_/_/
 :: Spring Boot ::        (v2.1.7.RELEASE)

2021-05-02 01:22:44.778  INFO 7987 --- [    Test worker] c.s.domain.posts.PostsRepositoryTest     : Starting PostsRepositoryTest on MacBook-Pro.local with PID 7987 (started by jhyun in /Users/jhyun/Git/Java/Spring-with-AWS)
2021-05-02 01:22:44.778  INFO 7987 --- [    Test worker] c.s.domain.posts.PostsRepositoryTest     : No active profile set, falling back to default profiles: default
2021-05-02 01:22:44.899  INFO 7987 --- [    Test worker] .s.d.r.c.RepositoryConfigurationDelegate : Bootstrapping Spring Data repositories in DEFAULT mode.
2021-05-02 01:22:44.911  INFO 7987 --- [    Test worker] .s.d.r.c.RepositoryConfigurationDelegate : Finished Spring Data repository scanning in 12ms. Found 2 repository interfaces.
2021-05-02 01:22:44.972  INFO 7987 --- [    Test worker] trationDelegate$BeanPostProcessorChecker : Bean 'org.springframework.transaction.annotation.ProxyTransactionManagementConfiguration' of type [org.springframework.transaction.annotation.ProxyTransactionManagementConfiguration$$EnhancerBySpringCGLIB$$5faea420] is not eligible for getting processed by all BeanPostProcessors (for example: not eligible for auto-proxying)
2021-05-02 01:22:45.028  INFO 7987 --- [    Test worker] com.zaxxer.hikari.HikariDataSource       : HikariPool-2 - Starting...
2021-05-02 01:22:45.029  INFO 7987 --- [    Test worker] com.zaxxer.hikari.HikariDataSource       : HikariPool-2 - Start completed.
2021-05-02 01:22:45.043  INFO 7987 --- [    Test worker] o.hibernate.jpa.internal.util.LogHelper  : HHH000204: Processing PersistenceUnitInfo [
	name: default
	...]
2021-05-02 01:22:45.048  INFO 7987 --- [    Test worker] org.hibernate.dialect.Dialect            : HHH000400: Using dialect: org.hibernate.dialect.H2Dialect
2021-05-02 01:22:45.082  INFO 7987 --- [    Test worker] o.h.t.schema.internal.SchemaCreatorImpl  : HHH000476: Executing import script 'org.hibernate.tool.schema.internal.exec.ScriptSourceInputNonExistentImpl@372fb538'
2021-05-02 01:22:45.082  INFO 7987 --- [    Test worker] j.LocalContainerEntityManagerFactoryBean : Initialized JPA EntityManagerFactory for persistence unit 'default'
2021-05-02 01:22:45.192  INFO 7987 --- [    Test worker] o.h.h.i.QueryTranslatorFactoryInitiator  : HHH000397: Using ASTQueryTranslatorFactory
2021-05-02 01:22:45.281  INFO 7987 --- [    Test worker] o.s.s.web.DefaultSecurityFilterChain     : Creating filter chain: any request, [org.springframework.security.web.context.request.async.WebAsyncManagerIntegrationFilter@7ca1e902, org.springframework.security.web.context.SecurityContextPersistenceFilter@1b42b974, org.springframework.security.web.header.HeaderWriterFilter@4aba0b1, org.springframework.security.web.authentication.logout.LogoutFilter@75f31b8f, org.springframework.security.oauth2.client.web.OAuth2AuthorizationRequestRedirectFilter@26f935b7, org.springframework.security.oauth2.client.web.OAuth2LoginAuthenticationFilter@6cd155b3, org.springframework.security.web.authentication.ui.DefaultLoginPageGeneratingFilter@7b74848c, org.springframework.security.web.authentication.ui.DefaultLogoutPageGeneratingFilter@c7fa734, org.springframework.security.web.savedrequest.RequestCacheAwareFilter@2eb9c8f1, org.springframework.security.web.servletapi.SecurityContextHolderAwareRequestFilter@77ce4bbf, org.springframework.security.web.authentication.AnonymousAuthenticationFilter@63447f81, org.springframework.security.web.session.SessionManagementFilter@704f8f2d, org.springframework.security.web.access.ExceptionTranslationFilter@546c3451, org.springframework.security.web.access.intercept.FilterSecurityInterceptor@5494874d]
2021-05-02 01:22:45.437  INFO 7987 --- [    Test worker] o.s.s.concurrent.ThreadPoolTaskExecutor  : Initializing ExecutorService 'applicationTaskExecutor'
2021-05-02 01:22:45.444  WARN 7987 --- [    Test worker] aWebConfiguration$JpaWebMvcConfiguration : spring.jpa.open-in-view is enabled by default. Therefore, database queries may be performed during view rendering. Explicitly configure spring.jpa.open-in-view to disable this warning
2021-05-02 01:22:45.460  INFO 7987 --- [    Test worker] o.s.b.a.w.s.WelcomePageHandlerMapping    : Adding welcome page template: index
2021-05-02 01:22:45.698  INFO 7987 --- [    Test worker] s.a.ScheduledAnnotationBeanPostProcessor : No TaskScheduler/ScheduledExecutorService bean found for scheduled processing
2021-05-02 01:22:45.699  INFO 7987 --- [    Test worker] c.s.domain.posts.PostsRepositoryTest     : Started PostsRepositoryTest in 0.932 seconds (JVM running for 8.713)
>>>>>>>>> createDate=2021-05-02T01:22:45.719, modifiedDate=2021-05-02T01:22:45.719
]]></system-out>
  <system-err><![CDATA[]]></system-err>
</testsuite>
