<?xml version="1.0" encoding="UTF-8"?>
<testsuite name="com.springboot.web.HelloControllerTest" tests="2" skipped="0" failures="0" errors="0" timestamp="2021-05-01T16:22:39" hostname="MacBook-Pro.local" time="0.281">
  <properties/>
  <testcase name="hello가_리턴된다" classname="com.springboot.web.HelloControllerTest" time="0.219"/>
  <testcase name="helloDto가_리턴된다" classname="com.springboot.web.HelloControllerTest" time="0.061"/>
  <system-out><![CDATA[01:22:37.565 [Test worker] DEBUG org.springframework.test.context.junit4.SpringJUnit4ClassRunner - SpringJUnit4ClassRunner constructor called with [class com.springboot.web.HelloControllerTest]
01:22:37.571 [Test worker] DEBUG org.springframework.test.context.BootstrapUtils - Instantiating CacheAwareContextLoaderDelegate from class [org.springframework.test.context.cache.DefaultCacheAwareContextLoaderDelegate]
01:22:37.582 [Test worker] DEBUG org.springframework.test.context.BootstrapUtils - Instantiating BootstrapContext using constructor [public org.springframework.test.context.support.DefaultBootstrapContext(java.lang.Class,org.springframework.test.context.CacheAwareContextLoaderDelegate)]
01:22:37.599 [Test worker] DEBUG org.springframework.test.context.BootstrapUtils - Instantiating TestContextBootstrapper for test class [com.springboot.web.HelloControllerTest] from class [org.springframework.boot.test.autoconfigure.web.servlet.WebMvcTestContextBootstrapper]
01:22:37.619 [Test worker] INFO org.springframework.boot.test.autoconfigure.web.servlet.WebMvcTestContextBootstrapper - Neither @ContextConfiguration nor @ContextHierarchy found for test class [com.springboot.web.HelloControllerTest], using SpringBootContextLoader
01:22:37.622 [Test worker] DEBUG org.springframework.test.context.support.AbstractContextLoader - Did not detect default resource location for test class [com.springboot.web.HelloControllerTest]: class path resource [com/springboot/web/HelloControllerTest-context.xml] does not exist
01:22:37.622 [Test worker] DEBUG org.springframework.test.context.support.AbstractContextLoader - Did not detect default resource location for test class [com.springboot.web.HelloControllerTest]: class path resource [com/springboot/web/HelloControllerTestContext.groovy] does not exist
01:22:37.622 [Test worker] INFO org.springframework.test.context.support.AbstractContextLoader - Could not detect default resource locations for test class [com.springboot.web.HelloControllerTest]: no resource found for suffixes {-context.xml, Context.groovy}.
01:22:37.623 [Test worker] INFO org.springframework.test.context.support.AnnotationConfigContextLoaderUtils - Could not detect default configuration classes for test class [com.springboot.web.HelloControllerTest]: HelloControllerTest does not declare any static, non-private, non-final, nested classes annotated with @Configuration.
01:22:37.683 [Test worker] DEBUG org.springframework.test.context.support.ActiveProfilesUtils - Could not find an 'annotation declaring class' for annotation type [org.springframework.test.context.ActiveProfiles] and class [com.springboot.web.HelloControllerTest]
01:22:37.750 [Test worker] DEBUG org.springframework.context.annotation.ClassPathScanningCandidateComponentProvider - Identified candidate component class: file [/Users/jhyun/Git/Java/Spring-with-AWS/build/classes/java/main/com/springboot/Application.class]
01:22:37.750 [Test worker] INFO org.springframework.boot.test.context.SpringBootTestContextBootstrapper - Found @SpringBootConfiguration com.springboot.Application for test class com.springboot.web.HelloControllerTest
01:22:37.752 [Test worker] DEBUG org.springframework.boot.test.autoconfigure.web.servlet.WebMvcTestContextBootstrapper - @TestExecutionListeners is not present for class [com.springboot.web.HelloControllerTest]: using defaults.
01:22:37.753 [Test worker] INFO org.springframework.boot.test.autoconfigure.web.servlet.WebMvcTestContextBootstrapper - Loaded default TestExecutionListener class names from location [META-INF/spring.factories]: [org.springframework.security.test.context.support.WithSecurityContextTestExecutionListener, org.springframework.security.test.context.support.ReactorContextTestExecutionListener, org.springframework.boot.test.autoconfigure.restdocs.RestDocsTestExecutionListener, org.springframework.boot.test.autoconfigure.web.client.MockRestServiceServerResetTestExecutionListener, org.springframework.boot.test.autoconfigure.web.servlet.MockMvcPrintOnlyOnFailureTestExecutionListener, org.springframework.boot.test.autoconfigure.web.servlet.WebDriverTestExecutionListener, org.springframework.boot.test.mock.mockito.MockitoTestExecutionListener, org.springframework.boot.test.mock.mockito.ResetMocksTestExecutionListener, org.springframework.test.context.web.ServletTestExecutionListener, org.springframework.test.context.support.DirtiesContextBeforeModesTestExecutionListener, org.springframework.test.context.support.DependencyInjectionTestExecutionListener, org.springframework.test.context.support.DirtiesContextTestExecutionListener, org.springframework.test.context.transaction.TransactionalTestExecutionListener, org.springframework.test.context.jdbc.SqlScriptsTestExecutionListener]
01:22:37.774 [Test worker] INFO org.springframework.boot.test.autoconfigure.web.servlet.WebMvcTestContextBootstrapper - Using TestExecutionListeners: [org.springframework.test.context.web.ServletTestExecutionListener@66b33544, org.springframework.test.context.support.DirtiesContextBeforeModesTestExecutionListener@334979ff, org.springframework.boot.test.mock.mockito.MockitoTestExecutionListener@7f0e59f7, org.springframework.boot.test.autoconfigure.SpringBootDependencyInjectionTestExecutionListener@7aaa9383, org.springframework.test.context.support.DirtiesContextTestExecutionListener@54c8087, org.springframework.test.context.transaction.TransactionalTestExecutionListener@7db28750, org.springframework.test.context.jdbc.SqlScriptsTestExecutionListener@70fea8f0, org.springframework.security.test.context.support.WithSecurityContextTestExecutionListener@5e660be7, org.springframework.security.test.context.support.ReactorContextTestExecutionListener@3f4ff014, org.springframework.boot.test.autoconfigure.restdocs.RestDocsTestExecutionListener@562e78aa, org.springframework.boot.test.autoconfigure.web.client.MockRestServiceServerResetTestExecutionListener@5392f3b7, org.springframework.boot.test.autoconfigure.web.servlet.MockMvcPrintOnlyOnFailureTestExecutionListener@3dc5e311, org.springframework.boot.test.autoconfigure.web.servlet.WebDriverTestExecutionListener@7d4a6bed, org.springframework.boot.test.mock.mockito.ResetMocksTestExecutionListener@5804b7c6]
01:22:37.775 [Test worker] DEBUG org.springframework.test.annotation.ProfileValueUtils - Retrieved @ProfileValueSourceConfiguration [null] for test class [com.springboot.web.HelloControllerTest]
01:22:37.776 [Test worker] DEBUG org.springframework.test.annotation.ProfileValueUtils - Retrieved ProfileValueSource type [class org.springframework.test.annotation.SystemProfileValueSource] for class [com.springboot.web.HelloControllerTest]
01:22:37.776 [Test worker] DEBUG org.springframework.test.annotation.ProfileValueUtils - Retrieved @ProfileValueSourceConfiguration [null] for test class [com.springboot.web.HelloControllerTest]
01:22:37.776 [Test worker] DEBUG org.springframework.test.annotation.ProfileValueUtils - Retrieved ProfileValueSource type [class org.springframework.test.annotation.SystemProfileValueSource] for class [com.springboot.web.HelloControllerTest]
01:22:37.779 [Test worker] DEBUG org.springframework.test.context.support.AbstractDirtiesContextTestExecutionListener - Before test class: context [DefaultTestContext@7f0ea4ae testClass = HelloControllerTest, testInstance = [null], testMethod = [null], testException = [null], mergedContextConfiguration = [WebMergedContextConfiguration@68f70bbd testClass = HelloControllerTest, locations = '{}', classes = '{class com.springboot.Application}', contextInitializerClasses = '[]', activeProfiles = '{}', propertySourceLocations = '{}', propertySourceProperties = '{org.springframework.boot.test.autoconfigure.web.servlet.WebMvcTestContextBootstrapper=true}', contextCustomizers = set[org.springframework.boot.test.autoconfigure.OverrideAutoConfigurationContextCustomizerFactory$DisableAutoConfigurationContextCustomizer@dc7116e, org.springframework.boot.test.autoconfigure.filter.TypeExcludeFiltersContextCustomizer@ec9c1d3d, org.springframework.boot.test.autoconfigure.properties.PropertyMappingContextCustomizer@881f960, org.springframework.boot.test.autoconfigure.web.servlet.WebDriverContextCustomizerFactory$Customizer@4dac9b10, [ImportsContextCustomizer@446a26df key = [org.springframework.boot.autoconfigure.cache.CacheAutoConfiguration, org.springframework.boot.autoconfigure.context.MessageSourceAutoConfiguration, org.springframework.boot.autoconfigure.data.web.SpringDataWebAutoConfiguration, org.springframework.boot.autoconfigure.freemarker.FreeMarkerAutoConfiguration, org.springframework.boot.autoconfigure.groovy.template.GroovyTemplateAutoConfiguration, org.springframework.boot.autoconfigure.gson.GsonAutoConfiguration, org.springframework.boot.autoconfigure.hateoas.HypermediaAutoConfiguration, org.springframework.boot.autoconfigure.http.HttpMessageConvertersAutoConfiguration, org.springframework.boot.autoconfigure.jackson.JacksonAutoConfiguration, org.springframework.boot.autoconfigure.jsonb.JsonbAutoConfiguration, org.springframework.boot.autoconfigure.mustache.MustacheAutoConfiguration, org.springframework.boot.autoconfigure.task.TaskExecutionAutoConfiguration, org.springframework.boot.autoconfigure.thymeleaf.ThymeleafAutoConfiguration, org.springframework.boot.autoconfigure.validation.ValidationAutoConfiguration, org.springframework.boot.autoconfigure.web.servlet.error.ErrorMvcAutoConfiguration, org.springframework.boot.autoconfigure.web.servlet.WebMvcAutoConfiguration, org.springframework.boot.test.autoconfigure.web.servlet.MockMvcAutoConfiguration, org.springframework.boot.test.autoconfigure.web.servlet.MockMvcSecurityAutoConfiguration, org.springframework.boot.test.autoconfigure.web.servlet.MockMvcWebClientAutoConfiguration, org.springframework.boot.test.autoconfigure.web.servlet.MockMvcWebDriverAutoConfiguration]], org.springframework.boot.test.context.filter.ExcludeFilterContextCustomizer@7bdeb9b6, org.springframework.boot.test.json.DuplicateJsonObjectContextCustomizerFactory$DuplicateJsonObjectContextCustomizer@ef9c2e7, org.springframework.boot.test.mock.mockito.MockitoContextCustomizer@0], resourceBasePath = 'src/main/webapp', contextLoader = 'org.springframework.boot.test.context.SpringBootContextLoader', parent = [null]], attributes = map[[empty]]], class annotated with @DirtiesContext [false] with mode [null].
01:22:37.780 [Test worker] DEBUG org.springframework.test.annotation.ProfileValueUtils - Retrieved @ProfileValueSourceConfiguration [null] for test class [com.springboot.web.HelloControllerTest]
01:22:37.780 [Test worker] DEBUG org.springframework.test.annotation.ProfileValueUtils - Retrieved ProfileValueSource type [class org.springframework.test.annotation.SystemProfileValueSource] for class [com.springboot.web.HelloControllerTest]
01:22:37.784 [Test worker] DEBUG org.springframework.test.context.support.DependencyInjectionTestExecutionListener - Performing dependency injection for test context [[DefaultTestContext@7f0ea4ae testClass = HelloControllerTest, testInstance = com.springboot.web.HelloControllerTest@2b2a81a, testMethod = [null], testException = [null], mergedContextConfiguration = [WebMergedContextConfiguration@68f70bbd testClass = HelloControllerTest, locations = '{}', classes = '{class com.springboot.Application}', contextInitializerClasses = '[]', activeProfiles = '{}', propertySourceLocations = '{}', propertySourceProperties = '{org.springframework.boot.test.autoconfigure.web.servlet.WebMvcTestContextBootstrapper=true}', contextCustomizers = set[org.springframework.boot.test.autoconfigure.OverrideAutoConfigurationContextCustomizerFactory$DisableAutoConfigurationContextCustomizer@dc7116e, org.springframework.boot.test.autoconfigure.filter.TypeExcludeFiltersContextCustomizer@ec9c1d3d, org.springframework.boot.test.autoconfigure.properties.PropertyMappingContextCustomizer@881f960, org.springframework.boot.test.autoconfigure.web.servlet.WebDriverContextCustomizerFactory$Customizer@4dac9b10, [ImportsContextCustomizer@446a26df key = [org.springframework.boot.autoconfigure.cache.CacheAutoConfiguration, org.springframework.boot.autoconfigure.context.MessageSourceAutoConfiguration, org.springframework.boot.autoconfigure.data.web.SpringDataWebAutoConfiguration, org.springframework.boot.autoconfigure.freemarker.FreeMarkerAutoConfiguration, org.springframework.boot.autoconfigure.groovy.template.GroovyTemplateAutoConfiguration, org.springframework.boot.autoconfigure.gson.GsonAutoConfiguration, org.springframework.boot.autoconfigure.hateoas.HypermediaAutoConfiguration, org.springframework.boot.autoconfigure.http.HttpMessageConvertersAutoConfiguration, org.springframework.boot.autoconfigure.jackson.JacksonAutoConfiguration, org.springframework.boot.autoconfigure.jsonb.JsonbAutoConfiguration, org.springframework.boot.autoconfigure.mustache.MustacheAutoConfiguration, org.springframework.boot.autoconfigure.task.TaskExecutionAutoConfiguration, org.springframework.boot.autoconfigure.thymeleaf.ThymeleafAutoConfiguration, org.springframework.boot.autoconfigure.validation.ValidationAutoConfiguration, org.springframework.boot.autoconfigure.web.servlet.error.ErrorMvcAutoConfiguration, org.springframework.boot.autoconfigure.web.servlet.WebMvcAutoConfiguration, org.springframework.boot.test.autoconfigure.web.servlet.MockMvcAutoConfiguration, org.springframework.boot.test.autoconfigure.web.servlet.MockMvcSecurityAutoConfiguration, org.springframework.boot.test.autoconfigure.web.servlet.MockMvcWebClientAutoConfiguration, org.springframework.boot.test.autoconfigure.web.servlet.MockMvcWebDriverAutoConfiguration]], org.springframework.boot.test.context.filter.ExcludeFilterContextCustomizer@7bdeb9b6, org.springframework.boot.test.json.DuplicateJsonObjectContextCustomizerFactory$DuplicateJsonObjectContextCustomizer@ef9c2e7, org.springframework.boot.test.mock.mockito.MockitoContextCustomizer@0], resourceBasePath = 'src/main/webapp', contextLoader = 'org.springframework.boot.test.context.SpringBootContextLoader', parent = [null]], attributes = map[[empty]]]].
01:22:37.883 [Test worker] DEBUG org.springframework.test.context.support.TestPropertySourceUtils - Adding inlined properties to environment: {spring.jmx.enabled=false, org.springframework.boot.test.autoconfigure.web.servlet.WebMvcTestContextBootstrapper=true, server.port=-1}

  .   ____          _            __ _ _
 /\\ / ___'_ __ _ _(_)_ __  __ _ \ \ \ \
( ( )\___ | '_ | '_| | '_ \/ _` | \ \ \ \
 \\/  ___)| |_)| | | | | || (_| |  ) ) ) )
  '  |____| .__|_| |_|_| |_\__, | / / / /
 =========|_|==============|___/=/_/_/_/
 :: Spring Boot ::        (v2.1.7.RELEASE)

2021-05-02 01:22:38.283  INFO 7987 --- [    Test worker] com.springboot.web.HelloControllerTest   : Starting HelloControllerTest on MacBook-Pro.local with PID 7987 (started by jhyun in /Users/jhyun/Git/Java/Spring-with-AWS)
2021-05-02 01:22:38.286  INFO 7987 --- [    Test worker] com.springboot.web.HelloControllerTest   : No active profile set, falling back to default profiles: default
2021-05-02 01:22:39.269  INFO 7987 --- [    Test worker] o.s.s.concurrent.ThreadPoolTaskExecutor  : Initializing ExecutorService 'applicationTaskExecutor'
2021-05-02 01:22:39.350  INFO 7987 --- [    Test worker] o.s.b.a.w.s.WelcomePageHandlerMapping    : Adding welcome page template: index
2021-05-02 01:22:39.646  INFO 7987 --- [    Test worker] .s.s.UserDetailsServiceAutoConfiguration : 

Using generated security password: 6e05ba0d-d5f6-40f4-a9e9-3bf5eb07fd9a

2021-05-02 01:22:39.796  INFO 7987 --- [    Test worker] o.s.s.web.DefaultSecurityFilterChain     : Creating filter chain: any request, [org.springframework.security.web.context.request.async.WebAsyncManagerIntegrationFilter@34f2f640, org.springframework.security.web.context.SecurityContextPersistenceFilter@55e1944c, org.springframework.security.web.header.HeaderWriterFilter@16a9d7b9, org.springframework.security.web.csrf.CsrfFilter@21fa2c27, org.springframework.security.web.authentication.logout.LogoutFilter@219bd3e5, org.springframework.security.web.authentication.UsernamePasswordAuthenticationFilter@29978d33, org.springframework.security.web.authentication.ui.DefaultLoginPageGeneratingFilter@5ae5caf4, org.springframework.security.web.authentication.ui.DefaultLogoutPageGeneratingFilter@4281674c, org.springframework.security.web.authentication.www.BasicAuthenticationFilter@6c276d2c, org.springframework.security.web.savedrequest.RequestCacheAwareFilter@6e9752aa, org.springframework.security.web.servletapi.SecurityContextHolderAwareRequestFilter@380cd4f4, org.springframework.security.web.authentication.AnonymousAuthenticationFilter@15441cc5, org.springframework.security.web.session.SessionManagementFilter@41e615a5, org.springframework.security.web.access.ExceptionTranslationFilter@7ce0834, org.springframework.security.web.access.intercept.FilterSecurityInterceptor@6e67984c]
2021-05-02 01:22:39.835  INFO 7987 --- [    Test worker] o.s.b.t.m.w.SpringBootMockServletContext : Initializing Spring TestDispatcherServlet ''
2021-05-02 01:22:39.835  INFO 7987 --- [    Test worker] o.s.t.web.servlet.TestDispatcherServlet  : Initializing Servlet ''
2021-05-02 01:22:39.844  INFO 7987 --- [    Test worker] o.s.t.web.servlet.TestDispatcherServlet  : Completed initialization in 9 ms
2021-05-02 01:22:39.879  INFO 7987 --- [    Test worker] com.springboot.web.HelloControllerTest   : Started HelloControllerTest in 1.986 seconds (JVM running for 2.892)
]]></system-out>
  <system-err><![CDATA[]]></system-err>
</testsuite>
