<?xml version="1.0" encoding="UTF-8"?>
<testsuite name="com.springboot.web.PostsApiControllerTest" tests="2" skipped="0" failures="0" errors="0" timestamp="2021-05-20T12:11:41" hostname="MacBook-Pro.local" time="0.166">
  <properties/>
  <testcase name="Posts_등록된다" classname="com.springboot.web.PostsApiControllerTest" time="0.141"/>
  <testcase name="Posts_수정된다" classname="com.springboot.web.PostsApiControllerTest" time="0.024"/>
  <system-out><![CDATA[2021-05-20 21:11:41.208  INFO 2150 --- [    Test worker] .b.t.c.SpringBootTestContextBootstrapper : Neither @ContextConfiguration nor @ContextHierarchy found for test class [com.springboot.web.PostsApiControllerTest], using SpringBootContextLoader
2021-05-20 21:11:41.209  INFO 2150 --- [    Test worker] o.s.t.c.support.AbstractContextLoader    : Could not detect default resource locations for test class [com.springboot.web.PostsApiControllerTest]: no resource found for suffixes {-context.xml, Context.groovy}.
2021-05-20 21:11:41.209  INFO 2150 --- [    Test worker] t.c.s.AnnotationConfigContextLoaderUtils : Could not detect default configuration classes for test class [com.springboot.web.PostsApiControllerTest]: PostsApiControllerTest does not declare any static, non-private, non-final, nested classes annotated with @Configuration.
2021-05-20 21:11:41.211  INFO 2150 --- [    Test worker] .b.t.c.SpringBootTestContextBootstrapper : Found @SpringBootConfiguration com.springboot.Application for test class com.springboot.web.PostsApiControllerTest
2021-05-20 21:11:41.212  INFO 2150 --- [    Test worker] .b.t.c.SpringBootTestContextBootstrapper : Loaded default TestExecutionListener class names from location [META-INF/spring.factories]: [org.springframework.security.test.context.support.WithSecurityContextTestExecutionListener, org.springframework.security.test.context.support.ReactorContextTestExecutionListener, org.springframework.boot.test.autoconfigure.restdocs.RestDocsTestExecutionListener, org.springframework.boot.test.autoconfigure.web.client.MockRestServiceServerResetTestExecutionListener, org.springframework.boot.test.autoconfigure.web.servlet.MockMvcPrintOnlyOnFailureTestExecutionListener, org.springframework.boot.test.autoconfigure.web.servlet.WebDriverTestExecutionListener, org.springframework.boot.test.mock.mockito.MockitoTestExecutionListener, org.springframework.boot.test.mock.mockito.ResetMocksTestExecutionListener, org.springframework.test.context.web.ServletTestExecutionListener, org.springframework.test.context.support.DirtiesContextBeforeModesTestExecutionListener, org.springframework.test.context.support.DependencyInjectionTestExecutionListener, org.springframework.test.context.support.DirtiesContextTestExecutionListener, org.springframework.test.context.transaction.TransactionalTestExecutionListener, org.springframework.test.context.jdbc.SqlScriptsTestExecutionListener]
2021-05-20 21:11:41.213  INFO 2150 --- [    Test worker] .b.t.c.SpringBootTestContextBootstrapper : Using TestExecutionListeners: [org.springframework.test.context.web.ServletTestExecutionListener@1796e7d7, org.springframework.test.context.support.DirtiesContextBeforeModesTestExecutionListener@3a4ad462, org.springframework.boot.test.mock.mockito.MockitoTestExecutionListener@79a493cb, org.springframework.boot.test.autoconfigure.SpringBootDependencyInjectionTestExecutionListener@37573825, org.springframework.test.context.support.DirtiesContextTestExecutionListener@17dfd947, org.springframework.test.context.transaction.TransactionalTestExecutionListener@7b5ae61a, org.springframework.test.context.jdbc.SqlScriptsTestExecutionListener@263d0871, org.springframework.security.test.context.support.WithSecurityContextTestExecutionListener@28a59a83, org.springframework.security.test.context.support.ReactorContextTestExecutionListener@41d97b31, org.springframework.boot.test.autoconfigure.restdocs.RestDocsTestExecutionListener@6d9f3f26, org.springframework.boot.test.autoconfigure.web.client.MockRestServiceServerResetTestExecutionListener@23afdc64, org.springframework.boot.test.autoconfigure.web.servlet.MockMvcPrintOnlyOnFailureTestExecutionListener@275a3b10, org.springframework.boot.test.autoconfigure.web.servlet.WebDriverTestExecutionListener@2d50cc39, org.springframework.boot.test.mock.mockito.ResetMocksTestExecutionListener@3922a0ba]
2021-05-20 21:11:41.219  INFO 2150 --- [    Test worker] o.a.c.c.C.[Tomcat].[localhost].[/]       : Initializing Spring TestDispatcherServlet ''
2021-05-20 21:11:41.219  INFO 2150 --- [    Test worker] o.s.t.web.servlet.TestDispatcherServlet  : Initializing Servlet ''
2021-05-20 21:11:41.221  INFO 2150 --- [    Test worker] o.s.t.web.servlet.TestDispatcherServlet  : Completed initialization in 2 ms
2021-05-20 21:11:41.359  INFO 2150 --- [    Test worker] o.a.c.c.C.[Tomcat].[localhost].[/]       : Initializing Spring TestDispatcherServlet ''
2021-05-20 21:11:41.359  INFO 2150 --- [    Test worker] o.s.t.web.servlet.TestDispatcherServlet  : Initializing Servlet ''
2021-05-20 21:11:41.361  INFO 2150 --- [    Test worker] o.s.t.web.servlet.TestDispatcherServlet  : Completed initialization in 2 ms
]]></system-out>
  <system-err><![CDATA[]]></system-err>
</testsuite>
