<?xml version="1.0" encoding="UTF-8"?>
<testsuite name="com.springboot.web.PostsApiControllerTest" tests="2" skipped="0" failures="0" errors="0" timestamp="2021-05-01T16:22:44" hostname="MacBook-Pro.local" time="0.159">
  <properties/>
  <testcase name="Posts_등록된다" classname="com.springboot.web.PostsApiControllerTest" time="0.137"/>
  <testcase name="Posts_수정된다" classname="com.springboot.web.PostsApiControllerTest" time="0.022"/>
  <system-out><![CDATA[2021-05-02 01:22:44.593  INFO 7987 --- [    Test worker] .b.t.c.SpringBootTestContextBootstrapper : Neither @ContextConfiguration nor @ContextHierarchy found for test class [com.springboot.web.PostsApiControllerTest], using SpringBootContextLoader
2021-05-02 01:22:44.593  INFO 7987 --- [    Test worker] o.s.t.c.support.AbstractContextLoader    : Could not detect default resource locations for test class [com.springboot.web.PostsApiControllerTest]: no resource found for suffixes {-context.xml, Context.groovy}.
2021-05-02 01:22:44.593  INFO 7987 --- [    Test worker] t.c.s.AnnotationConfigContextLoaderUtils : Could not detect default configuration classes for test class [com.springboot.web.PostsApiControllerTest]: PostsApiControllerTest does not declare any static, non-private, non-final, nested classes annotated with @Configuration.
2021-05-02 01:22:44.594  INFO 7987 --- [    Test worker] .b.t.c.SpringBootTestContextBootstrapper : Found @SpringBootConfiguration com.springboot.Application for test class com.springboot.web.PostsApiControllerTest
2021-05-02 01:22:44.595  INFO 7987 --- [    Test worker] .b.t.c.SpringBootTestContextBootstrapper : Loaded default TestExecutionListener class names from location [META-INF/spring.factories]: [org.springframework.security.test.context.support.WithSecurityContextTestExecutionListener, org.springframework.security.test.context.support.ReactorContextTestExecutionListener, org.springframework.boot.test.autoconfigure.restdocs.RestDocsTestExecutionListener, org.springframework.boot.test.autoconfigure.web.client.MockRestServiceServerResetTestExecutionListener, org.springframework.boot.test.autoconfigure.web.servlet.MockMvcPrintOnlyOnFailureTestExecutionListener, org.springframework.boot.test.autoconfigure.web.servlet.WebDriverTestExecutionListener, org.springframework.boot.test.mock.mockito.MockitoTestExecutionListener, org.springframework.boot.test.mock.mockito.ResetMocksTestExecutionListener, org.springframework.test.context.web.ServletTestExecutionListener, org.springframework.test.context.support.DirtiesContextBeforeModesTestExecutionListener, org.springframework.test.context.support.DependencyInjectionTestExecutionListener, org.springframework.test.context.support.DirtiesContextTestExecutionListener, org.springframework.test.context.transaction.TransactionalTestExecutionListener, org.springframework.test.context.jdbc.SqlScriptsTestExecutionListener]
2021-05-02 01:22:44.596  INFO 7987 --- [    Test worker] .b.t.c.SpringBootTestContextBootstrapper : Using TestExecutionListeners: [org.springframework.test.context.web.ServletTestExecutionListener@6d2b5551, org.springframework.test.context.support.DirtiesContextBeforeModesTestExecutionListener@5912fc00, org.springframework.boot.test.mock.mockito.MockitoTestExecutionListener@4658c5aa, org.springframework.boot.test.autoconfigure.SpringBootDependencyInjectionTestExecutionListener@3a375317, org.springframework.test.context.support.DirtiesContextTestExecutionListener@d0108dd, org.springframework.test.context.transaction.TransactionalTestExecutionListener@433d1781, org.springframework.test.context.jdbc.SqlScriptsTestExecutionListener@4348ffd9, org.springframework.security.test.context.support.WithSecurityContextTestExecutionListener@4367b34c, org.springframework.security.test.context.support.ReactorContextTestExecutionListener@46a50c1d, org.springframework.boot.test.autoconfigure.restdocs.RestDocsTestExecutionListener@6d8f9a57, org.springframework.boot.test.autoconfigure.web.client.MockRestServiceServerResetTestExecutionListener@693d0608, org.springframework.boot.test.autoconfigure.web.servlet.MockMvcPrintOnlyOnFailureTestExecutionListener@173e35b0, org.springframework.boot.test.autoconfigure.web.servlet.WebDriverTestExecutionListener@799516ae, org.springframework.boot.test.mock.mockito.ResetMocksTestExecutionListener@685966e9]
2021-05-02 01:22:44.602  INFO 7987 --- [    Test worker] o.a.c.c.C.[Tomcat].[localhost].[/]       : Initializing Spring TestDispatcherServlet ''
2021-05-02 01:22:44.602  INFO 7987 --- [    Test worker] o.s.t.web.servlet.TestDispatcherServlet  : Initializing Servlet ''
2021-05-02 01:22:44.604  INFO 7987 --- [    Test worker] o.s.t.web.servlet.TestDispatcherServlet  : Completed initialization in 2 ms
2021-05-02 01:22:44.737  INFO 7987 --- [    Test worker] o.a.c.c.C.[Tomcat].[localhost].[/]       : Initializing Spring TestDispatcherServlet ''
2021-05-02 01:22:44.737  INFO 7987 --- [    Test worker] o.s.t.web.servlet.TestDispatcherServlet  : Initializing Servlet ''
2021-05-02 01:22:44.738  INFO 7987 --- [    Test worker] o.s.t.web.servlet.TestDispatcherServlet  : Completed initialization in 1 ms
]]></system-out>
  <system-err><![CDATA[]]></system-err>
</testsuite>
