<?xml version="1.0" encoding="UTF-8"?>
<testsuite name="com.springboot.web.PostsApiControllerTest" tests="2" skipped="0" failures="0" errors="0" timestamp="2021-05-12T13:57:28" hostname="MacBook-Pro.local" time="0.532">
  <properties/>
  <testcase name="Posts_등록된다" classname="com.springboot.web.PostsApiControllerTest" time="0.506"/>
  <testcase name="Posts_수정된다" classname="com.springboot.web.PostsApiControllerTest" time="0.025"/>
  <system-out><![CDATA[22:57:22.533 [Test worker] DEBUG org.springframework.test.context.junit4.SpringJUnit4ClassRunner - SpringJUnit4ClassRunner constructor called with [class com.springboot.web.PostsApiControllerTest]
22:57:22.540 [Test worker] DEBUG org.springframework.test.context.BootstrapUtils - Instantiating CacheAwareContextLoaderDelegate from class [org.springframework.test.context.cache.DefaultCacheAwareContextLoaderDelegate]
22:57:22.549 [Test worker] DEBUG org.springframework.test.context.BootstrapUtils - Instantiating BootstrapContext using constructor [public org.springframework.test.context.support.DefaultBootstrapContext(java.lang.Class,org.springframework.test.context.CacheAwareContextLoaderDelegate)]
22:57:22.565 [Test worker] DEBUG org.springframework.test.context.BootstrapUtils - Instantiating TestContextBootstrapper for test class [com.springboot.web.PostsApiControllerTest] from class [org.springframework.boot.test.context.SpringBootTestContextBootstrapper]
22:57:22.574 [Test worker] INFO org.springframework.boot.test.context.SpringBootTestContextBootstrapper - Neither @ContextConfiguration nor @ContextHierarchy found for test class [com.springboot.web.PostsApiControllerTest], using SpringBootContextLoader
22:57:22.577 [Test worker] DEBUG org.springframework.test.context.support.AbstractContextLoader - Did not detect default resource location for test class [com.springboot.web.PostsApiControllerTest]: class path resource [com/springboot/web/PostsApiControllerTest-context.xml] does not exist
22:57:22.577 [Test worker] DEBUG org.springframework.test.context.support.AbstractContextLoader - Did not detect default resource location for test class [com.springboot.web.PostsApiControllerTest]: class path resource [com/springboot/web/PostsApiControllerTestContext.groovy] does not exist
22:57:22.578 [Test worker] INFO org.springframework.test.context.support.AbstractContextLoader - Could not detect default resource locations for test class [com.springboot.web.PostsApiControllerTest]: no resource found for suffixes {-context.xml, Context.groovy}.
22:57:22.578 [Test worker] INFO org.springframework.test.context.support.AnnotationConfigContextLoaderUtils - Could not detect default configuration classes for test class [com.springboot.web.PostsApiControllerTest]: PostsApiControllerTest does not declare any static, non-private, non-final, nested classes annotated with @Configuration.
22:57:22.617 [Test worker] DEBUG org.springframework.test.context.support.ActiveProfilesUtils - Could not find an 'annotation declaring class' for annotation type [org.springframework.test.context.ActiveProfiles] and class [com.springboot.web.PostsApiControllerTest]
22:57:22.706 [Test worker] DEBUG org.springframework.context.annotation.ClassPathScanningCandidateComponentProvider - Identified candidate component class: file [/Users/jhyun/Git/Java/Spring-with-AWS/build/classes/java/main/com/springboot/Application.class]
22:57:22.707 [Test worker] INFO org.springframework.boot.test.context.SpringBootTestContextBootstrapper - Found @SpringBootConfiguration com.springboot.Application for test class com.springboot.web.PostsApiControllerTest
22:57:22.798 [Test worker] DEBUG org.springframework.boot.test.context.SpringBootTestContextBootstrapper - @TestExecutionListeners is not present for class [com.springboot.web.PostsApiControllerTest]: using defaults.
22:57:22.799 [Test worker] INFO org.springframework.boot.test.context.SpringBootTestContextBootstrapper - Loaded default TestExecutionListener class names from location [META-INF/spring.factories]: [org.springframework.security.test.context.support.WithSecurityContextTestExecutionListener, org.springframework.security.test.context.support.ReactorContextTestExecutionListener, org.springframework.boot.test.autoconfigure.restdocs.RestDocsTestExecutionListener, org.springframework.boot.test.autoconfigure.web.client.MockRestServiceServerResetTestExecutionListener, org.springframework.boot.test.autoconfigure.web.servlet.MockMvcPrintOnlyOnFailureTestExecutionListener, org.springframework.boot.test.autoconfigure.web.servlet.WebDriverTestExecutionListener, org.springframework.boot.test.mock.mockito.MockitoTestExecutionListener, org.springframework.boot.test.mock.mockito.ResetMocksTestExecutionListener, org.springframework.test.context.web.ServletTestExecutionListener, org.springframework.test.context.support.DirtiesContextBeforeModesTestExecutionListener, org.springframework.test.context.support.DependencyInjectionTestExecutionListener, org.springframework.test.context.support.DirtiesContextTestExecutionListener, org.springframework.test.context.transaction.TransactionalTestExecutionListener, org.springframework.test.context.jdbc.SqlScriptsTestExecutionListener]
22:57:22.819 [Test worker] INFO org.springframework.boot.test.context.SpringBootTestContextBootstrapper - Using TestExecutionListeners: [org.springframework.test.context.web.ServletTestExecutionListener@2eeaf4cb, org.springframework.test.context.support.DirtiesContextBeforeModesTestExecutionListener@470c19b, org.springframework.boot.test.mock.mockito.MockitoTestExecutionListener@4c4ab65f, org.springframework.boot.test.autoconfigure.SpringBootDependencyInjectionTestExecutionListener@79e09b8, org.springframework.test.context.support.DirtiesContextTestExecutionListener@7e2bf92c, org.springframework.test.context.transaction.TransactionalTestExecutionListener@7cd5936b, org.springframework.test.context.jdbc.SqlScriptsTestExecutionListener@65b43ae0, org.springframework.security.test.context.support.WithSecurityContextTestExecutionListener@12102c27, org.springframework.security.test.context.support.ReactorContextTestExecutionListener@33d355d0, org.springframework.boot.test.autoconfigure.restdocs.RestDocsTestExecutionListener@63cdd60a, org.springframework.boot.test.autoconfigure.web.client.MockRestServiceServerResetTestExecutionListener@276a83a9, org.springframework.boot.test.autoconfigure.web.servlet.MockMvcPrintOnlyOnFailureTestExecutionListener@3488f277, org.springframework.boot.test.autoconfigure.web.servlet.WebDriverTestExecutionListener@1d5c5ce3, org.springframework.boot.test.mock.mockito.ResetMocksTestExecutionListener@102cb4c4]
22:57:22.822 [Test worker] DEBUG org.springframework.test.annotation.ProfileValueUtils - Retrieved @ProfileValueSourceConfiguration [null] for test class [com.springboot.web.PostsApiControllerTest]
22:57:22.822 [Test worker] DEBUG org.springframework.test.annotation.ProfileValueUtils - Retrieved ProfileValueSource type [class org.springframework.test.annotation.SystemProfileValueSource] for class [com.springboot.web.PostsApiControllerTest]
22:57:22.824 [Test worker] DEBUG org.springframework.test.annotation.ProfileValueUtils - Retrieved @ProfileValueSourceConfiguration [null] for test class [com.springboot.web.PostsApiControllerTest]
22:57:22.824 [Test worker] DEBUG org.springframework.test.annotation.ProfileValueUtils - Retrieved ProfileValueSource type [class org.springframework.test.annotation.SystemProfileValueSource] for class [com.springboot.web.PostsApiControllerTest]
22:57:22.824 [Test worker] DEBUG org.springframework.test.annotation.ProfileValueUtils - Retrieved @ProfileValueSourceConfiguration [null] for test class [com.springboot.web.PostsApiControllerTest]
22:57:22.825 [Test worker] DEBUG org.springframework.test.annotation.ProfileValueUtils - Retrieved ProfileValueSource type [class org.springframework.test.annotation.SystemProfileValueSource] for class [com.springboot.web.PostsApiControllerTest]
22:57:22.828 [Test worker] DEBUG org.springframework.test.context.support.AbstractDirtiesContextTestExecutionListener - Before test class: context [DefaultTestContext@5ea38db3 testClass = PostsApiControllerTest, testInstance = [null], testMethod = [null], testException = [null], mergedContextConfiguration = [WebMergedContextConfiguration@6f2ca0da testClass = PostsApiControllerTest, locations = '{}', classes = '{class com.springboot.Application}', contextInitializerClasses = '[]', activeProfiles = '{}', propertySourceLocations = '{}', propertySourceProperties = '{org.springframework.boot.test.context.SpringBootTestContextBootstrapper=true, server.port=0}', contextCustomizers = set[org.springframework.boot.test.autoconfigure.properties.PropertyMappingContextCustomizer@0, org.springframework.boot.test.autoconfigure.web.servlet.WebDriverContextCustomizerFactory$Customizer@4b288b9a, org.springframework.boot.test.context.filter.ExcludeFilterContextCustomizer@a27b71d, org.springframework.boot.test.json.DuplicateJsonObjectContextCustomizerFactory$DuplicateJsonObjectContextCustomizer@5ac01782, org.springframework.boot.test.mock.mockito.MockitoContextCustomizer@0, org.springframework.boot.test.web.client.TestRestTemplateContextCustomizer@3c330333], resourceBasePath = 'src/main/webapp', contextLoader = 'org.springframework.boot.test.context.SpringBootContextLoader', parent = [null]], attributes = map['org.springframework.test.context.web.ServletTestExecutionListener.activateListener' -> false]], class annotated with @DirtiesContext [false] with mode [null].
22:57:22.829 [Test worker] DEBUG org.springframework.test.annotation.ProfileValueUtils - Retrieved @ProfileValueSourceConfiguration [null] for test class [com.springboot.web.PostsApiControllerTest]
22:57:22.829 [Test worker] DEBUG org.springframework.test.annotation.ProfileValueUtils - Retrieved ProfileValueSource type [class org.springframework.test.annotation.SystemProfileValueSource] for class [com.springboot.web.PostsApiControllerTest]
22:57:22.835 [Test worker] DEBUG org.springframework.test.context.support.DependencyInjectionTestExecutionListener - Performing dependency injection for test context [[DefaultTestContext@5ea38db3 testClass = PostsApiControllerTest, testInstance = com.springboot.web.PostsApiControllerTest@1dfb5cd6, testMethod = [null], testException = [null], mergedContextConfiguration = [WebMergedContextConfiguration@6f2ca0da testClass = PostsApiControllerTest, locations = '{}', classes = '{class com.springboot.Application}', contextInitializerClasses = '[]', activeProfiles = '{}', propertySourceLocations = '{}', propertySourceProperties = '{org.springframework.boot.test.context.SpringBootTestContextBootstrapper=true, server.port=0}', contextCustomizers = set[org.springframework.boot.test.autoconfigure.properties.PropertyMappingContextCustomizer@0, org.springframework.boot.test.autoconfigure.web.servlet.WebDriverContextCustomizerFactory$Customizer@4b288b9a, org.springframework.boot.test.context.filter.ExcludeFilterContextCustomizer@a27b71d, org.springframework.boot.test.json.DuplicateJsonObjectContextCustomizerFactory$DuplicateJsonObjectContextCustomizer@5ac01782, org.springframework.boot.test.mock.mockito.MockitoContextCustomizer@0, org.springframework.boot.test.web.client.TestRestTemplateContextCustomizer@3c330333], resourceBasePath = 'src/main/webapp', contextLoader = 'org.springframework.boot.test.context.SpringBootContextLoader', parent = [null]], attributes = map['org.springframework.test.context.web.ServletTestExecutionListener.activateListener' -> false]]].
22:57:22.854 [Test worker] DEBUG org.springframework.test.context.support.TestPropertySourceUtils - Adding inlined properties to environment: {spring.jmx.enabled=false, org.springframework.boot.test.context.SpringBootTestContextBootstrapper=true, server.port=0}

  .   ____          _            __ _ _
 /\\ / ___'_ __ _ _(_)_ __  __ _ \ \ \ \
( ( )\___ | '_ | '_| | '_ \/ _` | \ \ \ \
 \\/  ___)| |_)| | | | | || (_| |  ) ) ) )
  '  |____| .__|_| |_|_| |_\__, | / / / /
 =========|_|==============|___/=/_/_/_/
 :: Spring Boot ::        (v2.1.7.RELEASE)

2021-05-12 22:57:23.410  INFO 21174 --- [    Test worker] c.springboot.web.PostsApiControllerTest  : Starting PostsApiControllerTest on MacBook-Pro.local with PID 21174 (started by jhyun in /Users/jhyun/Git/Java/Spring-with-AWS)
2021-05-12 22:57:23.411  INFO 21174 --- [    Test worker] c.springboot.web.PostsApiControllerTest  : No active profile set, falling back to default profiles: default
2021-05-12 22:57:23.974  INFO 21174 --- [    Test worker] .s.d.r.c.RepositoryConfigurationDelegate : Bootstrapping Spring Data repositories in DEFAULT mode.
2021-05-12 22:57:24.042  INFO 21174 --- [    Test worker] .s.d.r.c.RepositoryConfigurationDelegate : Finished Spring Data repository scanning in 59ms. Found 2 repository interfaces.
2021-05-12 22:57:24.435  INFO 21174 --- [    Test worker] trationDelegate$BeanPostProcessorChecker : Bean 'org.springframework.transaction.annotation.ProxyTransactionManagementConfiguration' of type [org.springframework.transaction.annotation.ProxyTransactionManagementConfiguration$$EnhancerBySpringCGLIB$$e7a31afb] is not eligible for getting processed by all BeanPostProcessors (for example: not eligible for auto-proxying)
2021-05-12 22:57:24.746  INFO 21174 --- [    Test worker] o.s.b.w.embedded.tomcat.TomcatWebServer  : Tomcat initialized with port(s): 0 (http)
2021-05-12 22:57:24.768  INFO 21174 --- [    Test worker] o.apache.catalina.core.StandardService   : Starting service [Tomcat]
2021-05-12 22:57:24.768  INFO 21174 --- [    Test worker] org.apache.catalina.core.StandardEngine  : Starting Servlet engine: [Apache Tomcat/9.0.22]
2021-05-12 22:57:24.854  INFO 21174 --- [    Test worker] o.a.c.c.C.[Tomcat].[localhost].[/]       : Initializing Spring embedded WebApplicationContext
2021-05-12 22:57:24.854  INFO 21174 --- [    Test worker] o.s.web.context.ContextLoader            : Root WebApplicationContext: initialization completed in 1428 ms
2021-05-12 22:57:25.061  INFO 21174 --- [    Test worker] com.zaxxer.hikari.HikariDataSource       : HikariPool-1 - Starting...
2021-05-12 22:57:25.230  INFO 21174 --- [    Test worker] com.zaxxer.hikari.HikariDataSource       : HikariPool-1 - Start completed.
2021-05-12 22:57:25.330  INFO 21174 --- [    Test worker] o.hibernate.jpa.internal.util.LogHelper  : HHH000204: Processing PersistenceUnitInfo [
	name: default
	...]
2021-05-12 22:57:25.417  INFO 21174 --- [    Test worker] org.hibernate.Version                    : HHH000412: Hibernate Core {5.3.10.Final}
2021-05-12 22:57:25.419  INFO 21174 --- [    Test worker] org.hibernate.cfg.Environment            : HHH000206: hibernate.properties not found
2021-05-12 22:57:25.592  INFO 21174 --- [    Test worker] o.hibernate.annotations.common.Version   : HCANN000001: Hibernate Commons Annotations {5.0.4.Final}
2021-05-12 22:57:25.750  INFO 21174 --- [    Test worker] org.hibernate.dialect.Dialect            : HHH000400: Using dialect: org.hibernate.dialect.H2Dialect
2021-05-12 22:57:26.357  INFO 21174 --- [    Test worker] o.h.t.schema.internal.SchemaCreatorImpl  : HHH000476: Executing import script 'org.hibernate.tool.schema.internal.exec.ScriptSourceInputNonExistentImpl@6eb781f6'
2021-05-12 22:57:26.360  INFO 21174 --- [    Test worker] j.LocalContainerEntityManagerFactoryBean : Initialized JPA EntityManagerFactory for persistence unit 'default'
2021-05-12 22:57:27.098  INFO 21174 --- [    Test worker] o.h.h.i.QueryTranslatorFactoryInitiator  : HHH000397: Using ASTQueryTranslatorFactory
2021-05-12 22:57:27.483  INFO 21174 --- [    Test worker] o.s.s.web.DefaultSecurityFilterChain     : Creating filter chain: any request, [org.springframework.security.web.context.request.async.WebAsyncManagerIntegrationFilter@3a03d68f, org.springframework.security.web.context.SecurityContextPersistenceFilter@1a2a592f, org.springframework.security.web.header.HeaderWriterFilter@1536a17a, org.springframework.security.web.authentication.logout.LogoutFilter@78ee9bb2, org.springframework.security.oauth2.client.web.OAuth2AuthorizationRequestRedirectFilter@291a0fb5, org.springframework.security.oauth2.client.web.OAuth2LoginAuthenticationFilter@5042e27e, org.springframework.security.web.authentication.ui.DefaultLoginPageGeneratingFilter@363d8789, org.springframework.security.web.authentication.ui.DefaultLogoutPageGeneratingFilter@7e758869, org.springframework.security.web.savedrequest.RequestCacheAwareFilter@42a79e42, org.springframework.security.web.servletapi.SecurityContextHolderAwareRequestFilter@217c03d2, org.springframework.security.web.authentication.AnonymousAuthenticationFilter@2a951c39, org.springframework.security.web.session.SessionManagementFilter@2790e0ca, org.springframework.security.web.access.ExceptionTranslationFilter@41b209c, org.springframework.security.web.access.intercept.FilterSecurityInterceptor@3f005421]
2021-05-12 22:57:27.780  INFO 21174 --- [    Test worker] o.s.s.concurrent.ThreadPoolTaskExecutor  : Initializing ExecutorService 'applicationTaskExecutor'
2021-05-12 22:57:27.833  WARN 21174 --- [    Test worker] aWebConfiguration$JpaWebMvcConfiguration : spring.jpa.open-in-view is enabled by default. Therefore, database queries may be performed during view rendering. Explicitly configure spring.jpa.open-in-view to disable this warning
2021-05-12 22:57:27.883  INFO 21174 --- [    Test worker] o.s.b.a.w.s.WelcomePageHandlerMapping    : Adding welcome page template: index
2021-05-12 22:57:28.226  INFO 21174 --- [    Test worker] s.a.ScheduledAnnotationBeanPostProcessor : No TaskScheduler/ScheduledExecutorService bean found for scheduled processing
2021-05-12 22:57:28.252  INFO 21174 --- [    Test worker] o.s.b.w.embedded.tomcat.TomcatWebServer  : Tomcat started on port(s): 63098 (http) with context path ''
2021-05-12 22:57:28.255  INFO 21174 --- [    Test worker] c.springboot.web.PostsApiControllerTest  : Started PostsApiControllerTest in 5.399 seconds (JVM running for 6.236)
2021-05-12 22:57:28.325  INFO 21174 --- [    Test worker] o.a.c.c.C.[Tomcat].[localhost].[/]       : Initializing Spring TestDispatcherServlet ''
2021-05-12 22:57:28.326  INFO 21174 --- [    Test worker] o.s.t.web.servlet.TestDispatcherServlet  : Initializing Servlet ''
2021-05-12 22:57:28.338  INFO 21174 --- [    Test worker] o.s.t.web.servlet.TestDispatcherServlet  : Completed initialization in 12 ms
2021-05-12 22:57:28.481  INFO 21174 --- [o-auto-1-exec-1] o.a.c.c.C.[Tomcat].[localhost].[/]       : Initializing Spring DispatcherServlet 'dispatcherServlet'
2021-05-12 22:57:28.481  INFO 21174 --- [o-auto-1-exec-1] o.s.web.servlet.DispatcherServlet        : Initializing Servlet 'dispatcherServlet'
2021-05-12 22:57:28.484  INFO 21174 --- [o-auto-1-exec-1] o.s.web.servlet.DispatcherServlet        : Completed initialization in 3 ms
2021-05-12 22:57:28.774  INFO 21174 --- [    Test worker] o.a.c.c.C.[Tomcat].[localhost].[/]       : Initializing Spring TestDispatcherServlet ''
2021-05-12 22:57:28.774  INFO 21174 --- [    Test worker] o.s.t.web.servlet.TestDispatcherServlet  : Initializing Servlet ''
2021-05-12 22:57:28.776  INFO 21174 --- [    Test worker] o.s.t.web.servlet.TestDispatcherServlet  : Completed initialization in 2 ms
]]></system-out>
  <system-err><![CDATA[]]></system-err>
</testsuite>
