<?xml version="1.0" encoding="UTF-8"?>
<testsuite name="com.springboot.web.IndexControllerTest" tests="1" skipped="0" failures="0" errors="0" timestamp="2021-05-01T16:22:44" hostname="MacBook-Pro.local" time="0.176">
  <properties/>
  <testcase name="메인페이지_로딩" classname="com.springboot.web.IndexControllerTest" time="0.176"/>
  <system-out><![CDATA[2021-05-02 01:22:40.167  INFO 7987 --- [    Test worker] .b.t.c.SpringBootTestContextBootstrapper : Neither @ContextConfiguration nor @ContextHierarchy found for test class [com.springboot.web.IndexControllerTest], using SpringBootContextLoader
2021-05-02 01:22:40.167  INFO 7987 --- [    Test worker] o.s.t.c.support.AbstractContextLoader    : Could not detect default resource locations for test class [com.springboot.web.IndexControllerTest]: no resource found for suffixes {-context.xml, Context.groovy}.
2021-05-02 01:22:40.168  INFO 7987 --- [    Test worker] t.c.s.AnnotationConfigContextLoaderUtils : Could not detect default configuration classes for test class [com.springboot.web.IndexControllerTest]: IndexControllerTest does not declare any static, non-private, non-final, nested classes annotated with @Configuration.
2021-05-02 01:22:40.169  INFO 7987 --- [    Test worker] .b.t.c.SpringBootTestContextBootstrapper : Found @SpringBootConfiguration com.springboot.Application for test class com.springboot.web.IndexControllerTest
2021-05-02 01:22:40.170  INFO 7987 --- [    Test worker] .b.t.c.SpringBootTestContextBootstrapper : Loaded default TestExecutionListener class names from location [META-INF/spring.factories]: [org.springframework.security.test.context.support.WithSecurityContextTestExecutionListener, org.springframework.security.test.context.support.ReactorContextTestExecutionListener, org.springframework.boot.test.autoconfigure.restdocs.RestDocsTestExecutionListener, org.springframework.boot.test.autoconfigure.web.client.MockRestServiceServerResetTestExecutionListener, org.springframework.boot.test.autoconfigure.web.servlet.MockMvcPrintOnlyOnFailureTestExecutionListener, org.springframework.boot.test.autoconfigure.web.servlet.WebDriverTestExecutionListener, org.springframework.boot.test.mock.mockito.MockitoTestExecutionListener, org.springframework.boot.test.mock.mockito.ResetMocksTestExecutionListener, org.springframework.test.context.web.ServletTestExecutionListener, org.springframework.test.context.support.DirtiesContextBeforeModesTestExecutionListener, org.springframework.test.context.support.DependencyInjectionTestExecutionListener, org.springframework.test.context.support.DirtiesContextTestExecutionListener, org.springframework.test.context.transaction.TransactionalTestExecutionListener, org.springframework.test.context.jdbc.SqlScriptsTestExecutionListener]
2021-05-02 01:22:40.171  INFO 7987 --- [    Test worker] .b.t.c.SpringBootTestContextBootstrapper : Using TestExecutionListeners: [org.springframework.test.context.web.ServletTestExecutionListener@654b6aba, org.springframework.test.context.support.DirtiesContextBeforeModesTestExecutionListener@919e389, org.springframework.boot.test.mock.mockito.MockitoTestExecutionListener@9f4993b, org.springframework.boot.test.autoconfigure.SpringBootDependencyInjectionTestExecutionListener@7dc3c33e, org.springframework.test.context.support.DirtiesContextTestExecutionListener@43636886, org.springframework.test.context.transaction.TransactionalTestExecutionListener@5a0dec8, org.springframework.test.context.jdbc.SqlScriptsTestExecutionListener@28b0a206, org.springframework.security.test.context.support.WithSecurityContextTestExecutionListener@4b094e1d, org.springframework.security.test.context.support.ReactorContextTestExecutionListener@13f638a2, org.springframework.boot.test.autoconfigure.restdocs.RestDocsTestExecutionListener@10a3e28a, org.springframework.boot.test.autoconfigure.web.client.MockRestServiceServerResetTestExecutionListener@3daec20a, org.springframework.boot.test.autoconfigure.web.servlet.MockMvcPrintOnlyOnFailureTestExecutionListener@3cd61a04, org.springframework.boot.test.autoconfigure.web.servlet.WebDriverTestExecutionListener@1ec70614, org.springframework.boot.test.mock.mockito.ResetMocksTestExecutionListener@11ff00f4]

  .   ____          _            __ _ _
 /\\ / ___'_ __ _ _(_)_ __  __ _ \ \ \ \
( ( )\___ | '_ | '_| | '_ \/ _` | \ \ \ \
 \\/  ___)| |_)| | | | | || (_| |  ) ) ) )
  '  |____| .__|_| |_|_| |_\__, | / / / /
 =========|_|==============|___/=/_/_/_/
 :: Spring Boot ::        (v2.1.7.RELEASE)

2021-05-02 01:22:40.190  INFO 7987 --- [    Test worker] com.springboot.web.IndexControllerTest   : Starting IndexControllerTest on MacBook-Pro.local with PID 7987 (started by jhyun in /Users/jhyun/Git/Java/Spring-with-AWS)
2021-05-02 01:22:40.190  INFO 7987 --- [    Test worker] com.springboot.web.IndexControllerTest   : No active profile set, falling back to default profiles: default
2021-05-02 01:22:40.511  INFO 7987 --- [    Test worker] .s.d.r.c.RepositoryConfigurationDelegate : Bootstrapping Spring Data repositories in DEFAULT mode.
2021-05-02 01:22:40.566  INFO 7987 --- [    Test worker] .s.d.r.c.RepositoryConfigurationDelegate : Finished Spring Data repository scanning in 47ms. Found 2 repository interfaces.
2021-05-02 01:22:40.784  INFO 7987 --- [    Test worker] trationDelegate$BeanPostProcessorChecker : Bean 'org.springframework.transaction.annotation.ProxyTransactionManagementConfiguration' of type [org.springframework.transaction.annotation.ProxyTransactionManagementConfiguration$$EnhancerBySpringCGLIB$$5faea420] is not eligible for getting processed by all BeanPostProcessors (for example: not eligible for auto-proxying)
2021-05-02 01:22:41.102  INFO 7987 --- [    Test worker] o.s.b.w.embedded.tomcat.TomcatWebServer  : Tomcat initialized with port(s): 0 (http)
2021-05-02 01:22:41.135  INFO 7987 --- [    Test worker] o.apache.catalina.core.StandardService   : Starting service [Tomcat]
2021-05-02 01:22:41.136  INFO 7987 --- [    Test worker] org.apache.catalina.core.StandardEngine  : Starting Servlet engine: [Apache Tomcat/9.0.22]
2021-05-02 01:22:41.292  INFO 7987 --- [    Test worker] o.a.c.c.C.[Tomcat].[localhost].[/]       : Initializing Spring embedded WebApplicationContext
2021-05-02 01:22:41.292  INFO 7987 --- [    Test worker] o.s.web.context.ContextLoader            : Root WebApplicationContext: initialization completed in 1100 ms
2021-05-02 01:22:41.555  INFO 7987 --- [    Test worker] com.zaxxer.hikari.HikariDataSource       : HikariPool-1 - Starting...
2021-05-02 01:22:41.765  INFO 7987 --- [    Test worker] com.zaxxer.hikari.HikariDataSource       : HikariPool-1 - Start completed.
2021-05-02 01:22:41.874  INFO 7987 --- [    Test worker] o.hibernate.jpa.internal.util.LogHelper  : HHH000204: Processing PersistenceUnitInfo [
	name: default
	...]
2021-05-02 01:22:41.983  INFO 7987 --- [    Test worker] org.hibernate.Version                    : HHH000412: Hibernate Core {5.3.10.Final}
2021-05-02 01:22:41.986  INFO 7987 --- [    Test worker] org.hibernate.cfg.Environment            : HHH000206: hibernate.properties not found
2021-05-02 01:22:42.052  INFO 7987 --- [    Test worker] o.hibernate.annotations.common.Version   : HCANN000001: Hibernate Commons Annotations {5.0.4.Final}
2021-05-02 01:22:42.246  INFO 7987 --- [    Test worker] org.hibernate.dialect.Dialect            : HHH000400: Using dialect: org.hibernate.dialect.H2Dialect
2021-05-02 01:22:43.053  INFO 7987 --- [    Test worker] o.h.t.schema.internal.SchemaCreatorImpl  : HHH000476: Executing import script 'org.hibernate.tool.schema.internal.exec.ScriptSourceInputNonExistentImpl@372fb538'
2021-05-02 01:22:43.056  INFO 7987 --- [    Test worker] j.LocalContainerEntityManagerFactoryBean : Initialized JPA EntityManagerFactory for persistence unit 'default'
2021-05-02 01:22:43.613  INFO 7987 --- [    Test worker] o.h.h.i.QueryTranslatorFactoryInitiator  : HHH000397: Using ASTQueryTranslatorFactory
2021-05-02 01:22:43.869  INFO 7987 --- [    Test worker] o.s.s.web.DefaultSecurityFilterChain     : Creating filter chain: any request, [org.springframework.security.web.context.request.async.WebAsyncManagerIntegrationFilter@7a87226f, org.springframework.security.web.context.SecurityContextPersistenceFilter@e097865, org.springframework.security.web.header.HeaderWriterFilter@79093a9c, org.springframework.security.web.authentication.logout.LogoutFilter@59d286cf, org.springframework.security.oauth2.client.web.OAuth2AuthorizationRequestRedirectFilter@76b11583, org.springframework.security.oauth2.client.web.OAuth2LoginAuthenticationFilter@1c0aeacb, org.springframework.security.web.authentication.ui.DefaultLoginPageGeneratingFilter@1c5d0f71, org.springframework.security.web.authentication.ui.DefaultLogoutPageGeneratingFilter@1c885f9f, org.springframework.security.web.savedrequest.RequestCacheAwareFilter@2fee47cb, org.springframework.security.web.servletapi.SecurityContextHolderAwareRequestFilter@1f835570, org.springframework.security.web.authentication.AnonymousAuthenticationFilter@571fb277, org.springframework.security.web.session.SessionManagementFilter@563aacf5, org.springframework.security.web.access.ExceptionTranslationFilter@1746c017, org.springframework.security.web.access.intercept.FilterSecurityInterceptor@6a754e33]
2021-05-02 01:22:44.030  INFO 7987 --- [    Test worker] o.s.s.concurrent.ThreadPoolTaskExecutor  : Initializing ExecutorService 'applicationTaskExecutor'
2021-05-02 01:22:44.042  WARN 7987 --- [    Test worker] aWebConfiguration$JpaWebMvcConfiguration : spring.jpa.open-in-view is enabled by default. Therefore, database queries may be performed during view rendering. Explicitly configure spring.jpa.open-in-view to disable this warning
2021-05-02 01:22:44.068  INFO 7987 --- [    Test worker] o.s.b.a.w.s.WelcomePageHandlerMapping    : Adding welcome page template: index
2021-05-02 01:22:44.383  INFO 7987 --- [    Test worker] s.a.ScheduledAnnotationBeanPostProcessor : No TaskScheduler/ScheduledExecutorService bean found for scheduled processing
2021-05-02 01:22:44.408  INFO 7987 --- [    Test worker] o.s.b.w.embedded.tomcat.TomcatWebServer  : Tomcat started on port(s): 58791 (http) with context path ''
2021-05-02 01:22:44.409  INFO 7987 --- [    Test worker] com.springboot.web.IndexControllerTest   : Started IndexControllerTest in 4.237 seconds (JVM running for 7.423)
2021-05-02 01:22:44.503  INFO 7987 --- [o-auto-1-exec-1] o.a.c.c.C.[Tomcat].[localhost].[/]       : Initializing Spring DispatcherServlet 'dispatcherServlet'
2021-05-02 01:22:44.503  INFO 7987 --- [o-auto-1-exec-1] o.s.web.servlet.DispatcherServlet        : Initializing Servlet 'dispatcherServlet'
2021-05-02 01:22:44.516  INFO 7987 --- [o-auto-1-exec-1] o.s.web.servlet.DispatcherServlet        : Completed initialization in 13 ms
]]></system-out>
  <system-err><![CDATA[]]></system-err>
</testsuite>
